c:\users\alber\onedrive\documents\albert\upc\vj\night knight 2d\2dgame\night knight\night knight\debug\vc143.pdb
c:\users\alber\onedrive\documents\albert\upc\vj\night knight 2d\2dgame\night knight\night knight\debug\vc143.idb
c:\users\alber\onedrive\documents\albert\upc\vj\night knight 2d\2dgame\night knight\night knight\debug\tilemap.obj
c:\users\alber\onedrive\documents\albert\upc\vj\night knight 2d\2dgame\night knight\night knight\debug\texturedquad.obj
c:\users\alber\onedrive\documents\albert\upc\vj\night knight 2d\2dgame\night knight\night knight\debug\texture.obj
c:\users\alber\onedrive\documents\albert\upc\vj\night knight 2d\2dgame\night knight\night knight\debug\sprite.obj
c:\users\alber\onedrive\documents\albert\upc\vj\night knight 2d\2dgame\night knight\night knight\debug\shaderprogram.obj
c:\users\alber\onedrive\documents\albert\upc\vj\night knight 2d\2dgame\night knight\night knight\debug\shader.obj
c:\users\alber\onedrive\documents\albert\upc\vj\night knight 2d\2dgame\night knight\night knight\debug\scene.obj
c:\users\alber\onedrive\documents\albert\upc\vj\night knight 2d\2dgame\night knight\night knight\debug\player.obj
c:\users\alber\onedrive\documents\albert\upc\vj\night knight 2d\2dgame\night knight\night knight\debug\object.obj
c:\users\alber\onedrive\documents\albert\upc\vj\night knight 2d\2dgame\night knight\night knight\debug\main.obj
c:\users\alber\onedrive\documents\albert\upc\vj\night knight 2d\2dgame\night knight\night knight\debug\game.obj
c:\users\alber\onedrive\documents\albert\upc\vj\night knight 2d\2dgame\night knight\night knight\debug\enemy.obj
c:\users\alber\onedrive\documents\albert\upc\vj\night knight 2d\2dgame\night knight\night knight\debug\text.obj
c:\users\alber\onedrive\documents\albert\upc\vj\night knight 2d\2dgame\night knight\debug\night knight.pdb
c:\users\alber\onedrive\documents\albert\upc\vj\night knight 2d\2dgame\night knight\night knight\debug\night knight.tlog\cl.command.1.tlog
c:\users\alber\onedrive\documents\albert\upc\vj\night knight 2d\2dgame\night knight\night knight\debug\night knight.tlog\cl.read.1.tlog
c:\users\alber\onedrive\documents\albert\upc\vj\night knight 2d\2dgame\night knight\night knight\debug\night knight.tlog\cl.write.1.tlog
c:\users\alber\onedrive\documents\albert\upc\vj\night knight 2d\2dgame\night knight\night knight\debug\night knight.tlog\link-cvtres.read.1.tlog
c:\users\alber\onedrive\documents\albert\upc\vj\night knight 2d\2dgame\night knight\night knight\debug\night knight.tlog\link-cvtres.write.1.tlog
c:\users\alber\onedrive\documents\albert\upc\vj\night knight 2d\2dgame\night knight\night knight\debug\night knight.tlog\link-rc.read.1.tlog
c:\users\alber\onedrive\documents\albert\upc\vj\night knight 2d\2dgame\night knight\night knight\debug\night knight.tlog\link-rc.write.1.tlog
c:\users\alber\onedrive\documents\albert\upc\vj\night knight 2d\2dgame\night knight\night knight\debug\night knight.tlog\link.command.1.tlog
c:\users\alber\onedrive\documents\albert\upc\vj\night knight 2d\2dgame\night knight\night knight\debug\night knight.tlog\link.read.1.tlog
c:\users\alber\onedrive\documents\albert\upc\vj\night knight 2d\2dgame\night knight\night knight\debug\night knight.tlog\link.write.1.tlog
